-------------------------------------------------------
Start training epoch 0:  2026-01-26 15:44:25.255725
Epoch 0: 100%|██████████████████████████████████████████████████████████████████████████████████████████████████████████████████| 4334/4334 [13:03<00:00,  5.53batch/s, Loss=5.6890]
        Total Loss:     29394.455
start predicting:  2026-01-26 15:57:28.408833
Predicting: 100%|██████████████████████████████████████████████████████████████████████████████████████████████████████████████████████████████| 152/152 [00:05<00:00, 27.76batch/s]
Current Result:
        Recall@20:      55.4454 MRR@20: 30.2161 Cov@20: 77.1667
Best Result:
        Recall@20:      55.4454 MRR@20: 30.2161 Cov@20:77.1667          Epoch:  0,      0,      0
-------------------------------------------------------
Start training epoch 1:  2026-01-26 15:57:36.602553
Epoch 1: 100%|██████████████████████████████████████████████████████████████████████████████████████████████████████████████████| 4334/4334 [13:06<00:00,  5.51batch/s, Loss=5.7988]
        Total Loss:     23435.672
start predicting:  2026-01-26 16:10:43.519445
Predicting: 100%|██████████████████████████████████████████████████████████████████████████████████████████████████████████████████████████████| 152/152 [00:05<00:00, 26.88batch/s]
Current Result:
        Recall@20:      56.8927 MRR@20: 31.1791 Cov@20: 76.3958
Best Result:
        Recall@20:      56.8927 MRR@20: 31.1791 Cov@20:77.1667          Epoch:  1,      1,      0
-------------------------------------------------------
Start training epoch 2:  2026-01-26 16:10:51.935475
Epoch 2: 100%|██████████████████████████████████████████████████████████████████████████████████████████████████████████████████| 4334/4334 [12:59<00:00,  5.56batch/s, Loss=5.0909]
        Total Loss:     22359.932
start predicting:  2026-01-26 16:23:51.648403
Predicting: 100%|██████████████████████████████████████████████████████████████████████████████████████████████████████████████████████████████| 152/152 [00:05<00:00, 29.40batch/s]
Current Result:
        Recall@20:      57.2429 MRR@20: 31.1778 Cov@20: 75.7385
Best Result:
        Recall@20:      57.2429 MRR@20: 31.1791 Cov@20:77.1667          Epoch:  2,      1,      0
-------------------------------------------------------
Start training epoch 3:  2026-01-26 16:23:59.672029
Epoch 3: 100%|██████████████████████████████████████████████████████████████████████████████████████████████████████████████████| 4334/4334 [12:54<00:00,  5.59batch/s, Loss=4.9139]
        Total Loss:     20381.473
start predicting:  2026-01-26 16:36:54.574786
Predicting: 100%|██████████████████████████████████████████████████████████████████████████████████████████████████████████████████████████████| 152/152 [00:06<00:00, 23.27batch/s]
Current Result:
        Recall@20:      57.5205 MRR@20: 31.2735 Cov@20: 76.1902
Best Result:
        Recall@20:      57.5205 MRR@20: 31.2735 Cov@20:77.1667          Epoch:  3,      3,      0
-------------------------------------------------------
Start training epoch 4:  2026-01-26 16:37:06.133628
Epoch 4: 100%|██████████████████████████████████████████████████████████████████████████████████████████████████████████████████| 4334/4334 [12:49<00:00,  5.63batch/s, Loss=5.0674]
        Total Loss:     20153.906
start predicting:  2026-01-26 16:49:55.795348
Predicting: 100%|██████████████████████████████████████████████████████████████████████████████████████████████████████████████████████████████| 152/152 [00:05<00:00, 27.23batch/s]
Current Result:
        Recall@20:      57.5601 MRR@20: 31.3265 Cov@20: 76.5689
Best Result:
        Recall@20:      57.5601 MRR@20: 31.3265 Cov@20:77.1667          Epoch:  4,      4,      0
-------------------------------------------------------
Start training epoch 5:  2026-01-26 16:50:04.521258
Epoch 5: 100%|██████████████████████████████████████████████████████████████████████████████████████████████████████████████████| 4334/4334 [13:03<00:00,  5.53batch/s, Loss=4.4001]
        Total Loss:     20004.662
start predicting:  2026-01-26 17:03:08.103742
Predicting: 100%|██████████████████████████████████████████████████████████████████████████████████████████████████████████████████████████████| 152/152 [00:05<00:00, 27.31batch/s]
Current Result:
        Recall@20:      57.5667 MRR@20: 31.3883 Cov@20: 76.9909
Best Result:
        Recall@20:      57.5667 MRR@20: 31.3883 Cov@20:77.1667          Epoch:  5,      5,      0
-------------------------------------------------------
Start training epoch 6:  2026-01-26 17:03:18.169921
Epoch 6: 100%|██████████████████████████████████████████████████████████████████████████████████████████████████████████████████| 4334/4334 [13:01<00:00,  5.55batch/s, Loss=4.5237]
        Total Loss:     19686.408
start predicting:  2026-01-26 17:16:19.432438
Predicting: 100%|██████████████████████████████████████████████████████████████████████████████████████████████████████████████████████████████| 152/152 [00:05<00:00, 27.96batch/s]
Current Result:
        Recall@20:      57.5535 MRR@20: 31.3876 Cov@20: 76.9990
Best Result:
        Recall@20:      57.5667 MRR@20: 31.3883 Cov@20:77.1667          Epoch:  5,      5,      0
-------------------------------------------------------
Start training epoch 7:  2026-01-26 17:16:27.768392
Epoch 7: 100%|██████████████████████████████████████████████████████████████████████████████████████████████████████████████████| 4334/4334 [12:58<00:00,  5.56batch/s, Loss=4.5779]
        Total Loss:     19675.613
start predicting:  2026-01-26 17:29:26.698117
Predicting: 100%|██████████████████████████████████████████████████████████████████████████████████████████████████████████████████████████████| 152/152 [00:05<00:00, 27.33batch/s]
Current Result:
        Recall@20:      57.5601 MRR@20: 31.3511 Cov@20: 77.0234
Best Result:
        Recall@20:      57.5667 MRR@20: 31.3883 Cov@20:77.1667          Epoch:  5,      5,      0
-------------------------------------------------------
Start training epoch 8:  2026-01-26 17:29:35.049496
Epoch 8: 100%|██████████████████████████████████████████████████████████████████████████████████████████████████████████████████| 4334/4334 [12:55<00:00,  5.59batch/s, Loss=4.9554]
        Total Loss:     19664.131
start predicting:  2026-01-26 17:42:30.952754
Predicting: 100%|██████████████████████████████████████████████████████████████████████████████████████████████████████████████████████████████| 152/152 [00:05<00:00, 26.73batch/s]
Current Result:
        Recall@20:      57.5139 MRR@20: 31.3609 Cov@20: 77.0612
Best Result:
        Recall@20:      57.5667 MRR@20: 31.3883 Cov@20:77.1667          Epoch:  5,      5,      0
-------------------------------------------------------
Run time: 7094.228867 s
以上是参数为0.01所跑的数据
----------------------------
变体3
Start training epoch 7:  2026-03-11 22:46:44.342164
Epoch 7: 100%|██████████████████████████████████████████████████████████████████████████████████████████████████████████████████| 4334/4334 [16:20<00:00,  4.42batch/s, Loss=3.7014]
        Total Loss:     15285.651
start predicting:  2026-03-11 23:03:04.476288
Predicting: 100%|██████████████████████████████████████████████████████████████████████████████████████████████████████████████████████████████| 152/152 [00:06<00:00, 21.86batch/s]
Current Result:
        Recall@20:      57.6196 MRR@20: 31.3741 Cov@20: 76.5148
Best Result:
        Recall@20:      57.6196 MRR@20: 31.4286 Cov@20:76.6014          Epoch:  7,      5,      0


以下是0.01学习率下的指标（最终版本的）
Start training epoch 8:  2026-03-16 19:12:13.849302
Epoch 8: 100%|██████████████████████████████████████████████████████████████████████████████████████████████████████████████████| 6772/6772 [16:58<00:00,  6.65batch/s, Loss=3.5473]
        Total Loss:     23614.629
start predicting:  2026-03-16 19:29:12.273613
Predicting: 100%|██████████████████████████████████████████████████████████████████████████████████████████████████████████████████████████████| 237/237 [00:07<00:00, 33.47batch/s]
Current Result:
        Recall@20:      57.4148 MRR@20: 31.4826 Cov@20: 76.0847
Best Result:
        Recall@20:      57.4742 MRR@20: 31.5113 Cov@20:76.3958          Epoch:  4,      5,      0




